<?xml version="1.0" encoding="UTF-8"?>
<testng-results skipped="0" failed="0" ignored="0" total="1" passed="1">
  <reporter-output>
  </reporter-output>
  <suite name="Suite" duration-ms="13032" started-at="2020-04-04T13:43:43Z" finished-at="2020-04-04T13:43:56Z">
    <groups>
    </groups>
    <test name="Test" duration-ms="13032" started-at="2020-04-04T13:43:43Z" finished-at="2020-04-04T13:43:56Z">
      <class name="org.Testing.A">
        <test-method status="PASS" signature="test1(java.lang.String, java.lang.String)[pri:0, instance:org.Testing.A@7823a2f9]" name="test1" duration-ms="12983" started-at="2020-04-04T13:43:43Z" finished-at="2020-04-04T13:43:56Z">
          <params>
            <param index="0">
              <value>
                <![CDATA[poorni@gmail.com]]>
              </value>
            </param>
            <param index="1">
              <value>
                <![CDATA[12345]]>
              </value>
            </param>
          </params>
          <reporter-output>
          </reporter-output>
        </test-method> <!-- test1 -->
      </class> <!-- org.Testing.A -->
    </test> <!-- Test -->
  </suite> <!-- Suite -->
</testng-results>
